\BOOKMARK [0][-]{section*.4}{List of Tables}{}% 1
\BOOKMARK [0][-]{section*.5}{List of Figures}{}% 2
\BOOKMARK [0][-]{chapter.1}{Introduction}{}% 3
\BOOKMARK [1][-]{section.1.1}{Aims and Objectives}{chapter.1}% 4
\BOOKMARK [1][-]{section.1.2}{Deliverables}{chapter.1}% 5
\BOOKMARK [1][-]{section.1.3}{Report structure}{chapter.1}% 6
\BOOKMARK [0][-]{chapter.2}{Background}{}% 7
\BOOKMARK [1][-]{section.2.1}{Components of an AV}{chapter.2}% 8
\BOOKMARK [1][-]{section.2.2}{Industrial Approaches}{chapter.2}% 9
\BOOKMARK [2][-]{subsection.2.2.1}{Camera}{section.2.2}% 10
\BOOKMARK [2][-]{subsection.2.2.2}{Camera and Radar}{section.2.2}% 11
\BOOKMARK [2][-]{subsection.2.2.3}{LiDAR, Camera and Radar}{section.2.2}% 12
\BOOKMARK [1][-]{section.2.3}{Object Detection}{chapter.2}% 13
\BOOKMARK [2][-]{subsection.2.3.1}{Object Detection using Classic Computer Vision Methods}{section.2.3}% 14
\BOOKMARK [2][-]{subsection.2.3.2}{Object Detection using Deep Learning}{section.2.3}% 15
\BOOKMARK [1][-]{section.2.4}{Legal, Ethical and Economic Considerations}{chapter.2}% 16
\BOOKMARK [0][-]{chapter.3}{Implementation}{}% 17
\BOOKMARK [1][-]{section.3.1}{Datasets}{chapter.3}% 18
\BOOKMARK [2][-]{subsection.3.1.1}{Context Classification}{section.3.1}% 19
\BOOKMARK [2][-]{subsection.3.1.2}{LiDAR Performance Evaluation}{section.3.1}% 20
\BOOKMARK [1][-]{section.3.2}{Can We Automatically Detect The Context in Driving Scenes?}{chapter.3}% 21
\BOOKMARK [2][-]{subsection.3.2.1}{Image Context Detection}{section.3.2}% 22
\BOOKMARK [2][-]{subsection.3.2.2}{PointCloud Context Detection}{section.3.2}% 23
\BOOKMARK [2][-]{subsection.3.2.3}{Implementation Issues}{section.3.2}% 24
\BOOKMARK [1][-]{section.3.3}{ Do Some Object Detection Methods work better in Different Contexts?}{chapter.3}% 25
\BOOKMARK [2][-]{subsection.3.3.1}{VoxelNet}{section.3.3}% 26
\BOOKMARK [2][-]{subsection.3.3.2}{AVOD}{section.3.3}% 27
\BOOKMARK [2][-]{subsection.3.3.3}{Evaluation}{section.3.3}% 28
\BOOKMARK [2][-]{subsection.3.3.4}{Is VoxelNet Performance Valid for Different Datasets?}{section.3.3}% 29
\BOOKMARK [1][-]{section.3.4}{Conclusion}{chapter.3}% 30
\BOOKMARK [0][-]{chapter.4}{Results and Analysis}{}% 31
\BOOKMARK [1][-]{section.4.1}{Can We Automatically Detect Scene Contexts?}{chapter.4}% 32
\BOOKMARK [2][-]{subsection.4.1.1}{Metrics}{section.4.1}% 33
\BOOKMARK [2][-]{subsection.4.1.2}{Results}{section.4.1}% 34
\BOOKMARK [1][-]{section.4.2}{Do Object Detection Models Perform Better in Different Contexts?}{chapter.4}% 35
\BOOKMARK [2][-]{subsection.4.2.1}{Results}{section.4.2}% 36
\BOOKMARK [1][-]{section.4.3}{Is VoxelNet Performance Valid For Different Datasets?}{chapter.4}% 37
\BOOKMARK [1][-]{section.4.4}{Results}{chapter.4}% 38
\BOOKMARK [0][-]{chapter.5}{Discussion and Future Work}{}% 39
\BOOKMARK [0][-]{chapter.6}{Conclusion}{}% 40
\BOOKMARK [0][-]{appendix.A}{Appendix A}{}% 41
\BOOKMARK [0][-]{appendix*.55}{Bibliography}{}% 42
