\BOOKMARK [0][-]{section*.4}{List of Tables}{}% 1
\BOOKMARK [0][-]{section*.5}{List of Figures}{}% 2
\BOOKMARK [0][-]{chapter.1}{Introduction}{}% 3
\BOOKMARK [1][-]{section.1.1}{Why Autonomous Cars}{chapter.1}% 4
\BOOKMARK [2][-]{subsection.1.1.1}{Safety}{section.1.1}% 5
\BOOKMARK [2][-]{subsection.1.1.2}{Environmental Impact}{section.1.1}% 6
\BOOKMARK [1][-]{section.1.2}{Aims and Objectives}{chapter.1}% 7
\BOOKMARK [1][-]{section.1.3}{Deliverables}{chapter.1}% 8
\BOOKMARK [1][-]{section.1.4}{Added Value}{chapter.1}% 9
\BOOKMARK [1][-]{section.1.5}{Research scope}{chapter.1}% 10
\BOOKMARK [1][-]{section.1.6}{Report structure}{chapter.1}% 11
\BOOKMARK [1][-]{section.1.7}{History and Current Setups}{chapter.1}% 12
\BOOKMARK [2][-]{subsection.1.7.1}{Componenents of a Self Driving Car}{section.1.7}% 13
\BOOKMARK [1][-]{section.1.8}{Conclusion}{chapter.1}% 14
\BOOKMARK [0][-]{chapter.2}{Literature Review}{}% 15
\BOOKMARK [1][-]{subsection.2.0.1}{Componenents of a Self Driving Car}{chapter.2}% 16
\BOOKMARK [2][-]{subsection.2.0.2}{Legal, Ethical and Economic Considerations}{subsection.2.0.1}% 17
\BOOKMARK [1][-]{section.2.1}{Object Detection}{chapter.2}% 18
\BOOKMARK [1][-]{section.2.2}{Conclusion}{chapter.2}% 19
\BOOKMARK [0][-]{chapter.3}{Project Outline}{}% 20
\BOOKMARK [1][-]{section.3.1}{Description of tasks}{chapter.3}% 21
\BOOKMARK [1][-]{section.3.2}{Risk Analysis}{chapter.3}% 22
\BOOKMARK [0][-]{chapter.4}{Conclusion}{}% 23
\BOOKMARK [0][-]{appendix.A}{Appendix A}{}% 24
\BOOKMARK [0][-]{section*.14}{Bibliography}{}% 25
