Running on host gpu02.bc4.acrc.priv
Time is Sat May 12 16:55:03 BST 2018
Directory is /mnt/storage/home/ja17618/scratch/voxelnet
Slurm job ID is 1172342
This job runs on the following machines:
gpu02
1
/mnt/storage/software/languages/anaconda/Anaconda3.5-4.2.0-tflow-1.7/lib/python3.5/site-packages/h5py/__init__.py:36: FutureWarning: Conversion of the second argument of issubdtype from `float` to `np.floating` is deprecated. In future, it will be treated as `np.float64 == np.dtype(float).type`.
  from ._conv import register_converters as _register_converters
2018-05-12 16:55:36.034726: I tensorflow/core/platform/cpu_feature_guard.cc:140] Your CPU supports instructions that this TensorFlow binary was not compiled to use: SSE4.1 SSE4.2 AVX AVX2 FMA
WARNING:tensorflow:From /mnt/storage/scratch/ja17618/voxelnet/model/group_pointcloud.py:66: calling reduce_max (from tensorflow.python.ops.math_ops) with keep_dims is deprecated and will be removed in a future version.
Instructions for updating:
keep_dims is deprecated, use keepdims instead
2018-05-13 03:16:12.698624: E tensorflow/core/common_runtime/bfc_allocator.cc:246] tried to allocate 0 bytes
2018-05-13 03:16:12.700555: W tensorflow/core/common_runtime/allocator_retry.cc:32] Request to allocate 0 bytes
2018-05-13 03:16:12.700606: E tensorflow/core/common_runtime/bfc_allocator.cc:381] tried to deallocate nullptr
2018-05-13 03:41:02.390526: E tensorflow/core/common_runtime/bfc_allocator.cc:246] tried to allocate 0 bytes
2018-05-13 03:41:02.390724: W tensorflow/core/common_runtime/allocator_retry.cc:32] Request to allocate 0 bytes
2018-05-13 03:41:02.390761: E tensorflow/core/common_runtime/bfc_allocator.cc:381] tried to deallocate nullptr
2018-05-13 07:24:14.931058: E tensorflow/core/common_runtime/bfc_allocator.cc:246] tried to allocate 0 bytes
2018-05-13 07:24:14.931257: W tensorflow/core/common_runtime/allocator_retry.cc:32] Request to allocate 0 bytes
2018-05-13 07:24:14.931303: E tensorflow/core/common_runtime/bfc_allocator.cc:381] tried to deallocate nullptr
2018-05-13 07:49:04.556690: E tensorflow/core/common_runtime/bfc_allocator.cc:246] tried to allocate 0 bytes
2018-05-13 07:49:04.556856: W tensorflow/core/common_runtime/allocator_retry.cc:32] Request to allocate 0 bytes
2018-05-13 07:49:04.556897: E tensorflow/core/common_runtime/bfc_allocator.cc:381] tried to deallocate nullptr
2018-05-13 11:57:22.834963: E tensorflow/core/common_runtime/bfc_allocator.cc:246] tried to allocate 0 bytes
2018-05-13 11:57:22.835138: W tensorflow/core/common_runtime/allocator_retry.cc:32] Request to allocate 0 bytes
2018-05-13 11:57:22.835175: E tensorflow/core/common_runtime/bfc_allocator.cc:381] tried to deallocate nullptr
2018-05-13 12:22:13.125114: E tensorflow/core/common_runtime/bfc_allocator.cc:246] tried to allocate 0 bytes
2018-05-13 12:22:13.125347: W tensorflow/core/common_runtime/allocator_retry.cc:32] Request to allocate 0 bytes
2018-05-13 12:22:13.125387: E tensorflow/core/common_runtime/bfc_allocator.cc:381] tried to deallocate nullptr
2018-05-13 13:11:53.685698: E tensorflow/core/common_runtime/bfc_allocator.cc:246] tried to allocate 0 bytes
2018-05-13 13:11:53.685872: W tensorflow/core/common_runtime/allocator_retry.cc:32] Request to allocate 0 bytes
2018-05-13 13:11:53.685911: E tensorflow/core/common_runtime/bfc_allocator.cc:381] tried to deallocate nullptr
2018-05-13 14:26:25.209132: E tensorflow/core/common_runtime/bfc_allocator.cc:246] tried to allocate 0 bytes
2018-05-13 14:26:25.209301: W tensorflow/core/common_runtime/allocator_retry.cc:32] Request to allocate 0 bytes
2018-05-13 14:26:25.209341: E tensorflow/core/common_runtime/bfc_allocator.cc:381] tried to deallocate nullptr
2018-05-13 14:26:25.220623: E tensorflow/core/common_runtime/bfc_allocator.cc:246] tried to allocate 0 bytes
2018-05-13 14:26:25.220678: W tensorflow/core/common_runtime/allocator_retry.cc:32] Request to allocate 0 bytes
2018-05-13 14:26:25.220708: E tensorflow/core/common_runtime/bfc_allocator.cc:381] tried to deallocate nullptr
2018-05-13 14:51:16.393984: E tensorflow/core/common_runtime/bfc_allocator.cc:246] tried to allocate 0 bytes
2018-05-13 14:51:16.394158: W tensorflow/core/common_runtime/allocator_retry.cc:32] Request to allocate 0 bytes
2018-05-13 14:51:16.394194: E tensorflow/core/common_runtime/bfc_allocator.cc:381] tried to deallocate nullptr
2018-05-13 15:16:07.757940: E tensorflow/core/common_runtime/bfc_allocator.cc:246] tried to allocate 0 bytes
2018-05-13 15:16:07.758120: W tensorflow/core/common_runtime/allocator_retry.cc:32] Request to allocate 0 bytes
2018-05-13 15:16:07.758161: E tensorflow/core/common_runtime/bfc_allocator.cc:381] tried to deallocate nullptr
2018-05-13 15:16:07.759777: E tensorflow/core/common_runtime/bfc_allocator.cc:246] tried to allocate 0 bytes
2018-05-13 15:16:07.759829: W tensorflow/core/common_runtime/allocator_retry.cc:32] Request to allocate 0 bytes
2018-05-13 15:16:07.759859: E tensorflow/core/common_runtime/bfc_allocator.cc:381] tried to deallocate nullptr
2018-05-13 16:30:40.763738: E tensorflow/core/common_runtime/bfc_allocator.cc:246] tried to allocate 0 bytes
2018-05-13 16:30:40.765452: W tensorflow/core/common_runtime/allocator_retry.cc:32] Request to allocate 0 bytes
2018-05-13 16:30:40.765502: E tensorflow/core/common_runtime/bfc_allocator.cc:381] tried to deallocate nullptr
2018-05-13 17:45:10.847758: E tensorflow/core/common_runtime/bfc_allocator.cc:246] tried to allocate 0 bytes
2018-05-13 17:45:10.849043: W tensorflow/core/common_runtime/allocator_retry.cc:32] Request to allocate 0 bytes
2018-05-13 17:45:10.849081: E tensorflow/core/common_runtime/bfc_allocator.cc:381] tried to deallocate nullptr
2018-05-13 18:10:02.969053: E tensorflow/core/common_runtime/bfc_allocator.cc:246] tried to allocate 0 bytes
2018-05-13 18:10:02.970091: W tensorflow/core/common_runtime/allocator_retry.cc:32] Request to allocate 0 bytes
2018-05-13 18:10:02.970132: E tensorflow/core/common_runtime/bfc_allocator.cc:381] tried to deallocate nullptr
2018-05-13 18:10:02.979220: E tensorflow/core/common_runtime/bfc_allocator.cc:246] tried to allocate 0 bytes
2018-05-13 18:10:02.979274: W tensorflow/core/common_runtime/allocator_retry.cc:32] Request to allocate 0 bytes
2018-05-13 18:10:02.979314: E tensorflow/core/common_runtime/bfc_allocator.cc:381] tried to deallocate nullptr
2018-05-13 20:14:21.121011: E tensorflow/core/common_runtime/bfc_allocator.cc:246] tried to allocate 0 bytes
2018-05-13 20:14:21.122256: W tensorflow/core/common_runtime/allocator_retry.cc:32] Request to allocate 0 bytes
2018-05-13 20:14:21.122302: E tensorflow/core/common_runtime/bfc_allocator.cc:381] tried to deallocate nullptr
2018-05-13 23:08:24.060694: E tensorflow/core/common_runtime/bfc_allocator.cc:246] tried to allocate 0 bytes
2018-05-13 23:08:24.060892: W tensorflow/core/common_runtime/allocator_retry.cc:32] Request to allocate 0 bytes
2018-05-13 23:08:24.060931: E tensorflow/core/common_runtime/bfc_allocator.cc:381] tried to deallocate nullptr
2018-05-14 03:16:46.601337: E tensorflow/core/common_runtime/bfc_allocator.cc:246] tried to allocate 0 bytes
2018-05-14 03:16:46.601508: W tensorflow/core/common_runtime/allocator_retry.cc:32] Request to allocate 0 bytes
2018-05-14 03:16:46.601545: E tensorflow/core/common_runtime/bfc_allocator.cc:381] tried to deallocate nullptr
2018-05-14 03:41:37.291877: E tensorflow/core/common_runtime/bfc_allocator.cc:246] tried to allocate 0 bytes
2018-05-14 03:41:37.292196: W tensorflow/core/common_runtime/allocator_retry.cc:32] Request to allocate 0 bytes
2018-05-14 03:41:37.292235: E tensorflow/core/common_runtime/bfc_allocator.cc:381] tried to deallocate nullptr
2018-05-14 11:52:39.735719: E tensorflow/core/common_runtime/bfc_allocator.cc:246] tried to allocate 0 bytes
2018-05-14 11:52:39.737037: W tensorflow/core/common_runtime/allocator_retry.cc:32] Request to allocate 0 bytes
2018-05-14 11:52:39.737081: E tensorflow/core/common_runtime/bfc_allocator.cc:381] tried to deallocate nullptr
2018-05-14 12:42:19.241914: E tensorflow/core/common_runtime/bfc_allocator.cc:246] tried to allocate 0 bytes
2018-05-14 12:42:19.242245: W tensorflow/core/common_runtime/allocator_retry.cc:32] Request to allocate 0 bytes
2018-05-14 12:42:19.242280: E tensorflow/core/common_runtime/bfc_allocator.cc:381] tried to deallocate nullptr
2018-05-14 12:42:19.244802: E tensorflow/core/common_runtime/bfc_allocator.cc:246] tried to allocate 0 bytes
2018-05-14 12:42:19.244852: W tensorflow/core/common_runtime/allocator_retry.cc:32] Request to allocate 0 bytes
2018-05-14 12:42:19.244881: E tensorflow/core/common_runtime/bfc_allocator.cc:381] tried to deallocate nullptr
2018-05-14 13:07:10.688766: E tensorflow/core/common_runtime/bfc_allocator.cc:246] tried to allocate 0 bytes
2018-05-14 13:07:10.688939: W tensorflow/core/common_runtime/allocator_retry.cc:32] Request to allocate 0 bytes
2018-05-14 13:07:10.688976: E tensorflow/core/common_runtime/bfc_allocator.cc:381] tried to deallocate nullptr
2018-05-14 17:15:37.109812: E tensorflow/core/common_runtime/bfc_allocator.cc:246] tried to allocate 0 bytes
2018-05-14 17:15:37.112909: W tensorflow/core/common_runtime/allocator_retry.cc:32] Request to allocate 0 bytes
2018-05-14 17:15:37.112961: E tensorflow/core/common_runtime/bfc_allocator.cc:381] tried to deallocate nullptr
2018-05-14 17:40:31.686540: E tensorflow/core/common_runtime/bfc_allocator.cc:246] tried to allocate 0 bytes
2018-05-14 17:40:31.686716: W tensorflow/core/common_runtime/allocator_retry.cc:32] Request to allocate 0 bytes
2018-05-14 17:40:31.686754: E tensorflow/core/common_runtime/bfc_allocator.cc:381] tried to deallocate nullptr
slurmstepd: error: *** JOB 1172342 ON gpu02 CANCELLED AT 2018-05-14T17:54:14 ***
